we are running from this directory: /cluster/work/williad/minDiffusion-fork
 the name of the job is: labeling
Th job ID is 7665113
The job was run on these nodes: idun-05-10
Number of nodes: 1
We are using 1 cores
We are using 1 cores per node
Total of 1 cores
Starting script

Traceback (most recent call last):
  File "automatic_sample_labeling.py", line 38, in <module>
    main()
  File "automatic_sample_labeling.py", line 19, in main
    labels = torch.argmax(model(samples), dim=1)
  File "/cluster/home/williad/.local/lib/python3.8/site-packages/torch/nn/modules/module.py", line 1130, in _call_impl
    return forward_call(*input, **kwargs)
  File "/cluster/work/williad/minDiffusion-fork/mnist_classifier.py", line 29, in forward
    return torch.softmax(self.logits(x), dim=1)
  File "/cluster/work/williad/minDiffusion-fork/mnist_classifier.py", line 26, in logits
    return self.net(x)
  File "/cluster/home/williad/.local/lib/python3.8/site-packages/torch/nn/modules/module.py", line 1130, in _call_impl
    return forward_call(*input, **kwargs)
  File "/cluster/home/williad/.local/lib/python3.8/site-packages/torch/nn/modules/container.py", line 139, in forward
    input = module(input)
  File "/cluster/home/williad/.local/lib/python3.8/site-packages/torch/nn/modules/module.py", line 1130, in _call_impl
    return forward_call(*input, **kwargs)
  File "/cluster/home/williad/.local/lib/python3.8/site-packages/torch/nn/modules/conv.py", line 457, in forward
    return self._conv_forward(input, self.weight, self.bias)
  File "/cluster/home/williad/.local/lib/python3.8/site-packages/torch/nn/modules/conv.py", line 453, in _conv_forward
    return F.conv2d(input, weight, bias, self.stride,
RuntimeError: Input type (torch.FloatTensor) and weight type (torch.cuda.FloatTensor) should be the same or input should be a MKLDNN tensor and weight is a dense tensor
Linux idun-05-10 4.18.0-348.el8.0.2.x86_64 #1 SMP Sun Nov 14 00:51:12 UTC 2021 x86_64 x86_64 x86_64 GNU/Linux
