we are running from this directory: /cluster/work/williad/minDiffusion-fork
 the name of the job is: classifier
Th job ID is 7660356
The job was run on these nodes: idun-06-05
Number of nodes: 1
We are using 1 cores
We are using 1 cores per node
Total of 1 cores
Starting script

Defaulting to user installation because normal site-packages is not writeable
Requirement already satisfied: torchvision in /cluster/home/williad/.local/lib/python3.8/site-packages (0.13.1)
Requirement already satisfied: numpy in /cluster/apps/eb/software/Anaconda3/2020.07/lib/python3.8/site-packages (from torchvision) (1.18.5)
Requirement already satisfied: typing-extensions in /cluster/apps/eb/software/Anaconda3/2020.07/lib/python3.8/site-packages (from torchvision) (3.7.4.2)
Requirement already satisfied: pillow!=8.3.*,>=5.3.0 in /cluster/apps/eb/software/Anaconda3/2020.07/lib/python3.8/site-packages (from torchvision) (7.2.0)
Requirement already satisfied: torch==1.12.1 in /cluster/home/williad/.local/lib/python3.8/site-packages (from torchvision) (1.12.1)
Requirement already satisfied: requests in /cluster/apps/eb/software/Anaconda3/2020.07/lib/python3.8/site-packages (from torchvision) (2.24.0)
Requirement already satisfied: chardet<4,>=3.0.2 in /cluster/apps/eb/software/Anaconda3/2020.07/lib/python3.8/site-packages (from requests->torchvision) (3.0.4)
Requirement already satisfied: urllib3!=1.25.0,!=1.25.1,<1.26,>=1.21.1 in /cluster/apps/eb/software/Anaconda3/2020.07/lib/python3.8/site-packages (from requests->torchvision) (1.25.9)
Requirement already satisfied: idna<3,>=2.5 in /cluster/apps/eb/software/Anaconda3/2020.07/lib/python3.8/site-packages (from requests->torchvision) (2.10)
Requirement already satisfied: certifi>=2017.4.17 in /cluster/apps/eb/software/Anaconda3/2020.07/lib/python3.8/site-packages (from requests->torchvision) (2020.6.20)
Epoch 0 done
Accuracy at epoch 0: 0.9836
Epoch 1 done
Epoch 2 done
Epoch 3 done
Epoch 4 done
Epoch 5 done
Epoch 6 done
Epoch 7 done
Epoch 8 done
Epoch 9 done
Epoch 10 done
Epoch 11 done
Epoch 12 done
Epoch 13 done
Epoch 14 done
Epoch 15 done
Epoch 16 done
Epoch 17 done
Epoch 18 done
Epoch 19 done
Epoch 20 done
Epoch 21 done
Epoch 22 done
Epoch 23 done
Epoch 24 done
Epoch 25 done
Epoch 26 done
Epoch 27 done
Epoch 28 done
Epoch 29 done
Epoch 30 done
Epoch 31 done
Epoch 32 done
Epoch 33 done
Epoch 34 done
Epoch 35 done
Epoch 36 done
Epoch 37 done
Epoch 38 done
Epoch 39 done
Epoch 40 done
Epoch 41 done
Epoch 42 done
Epoch 43 done
Epoch 44 done
Epoch 45 done
Epoch 46 done
Epoch 47 done
Epoch 48 done
Epoch 49 done
Epoch 50 done
Accuracy at epoch 50: 0.9924
Epoch 51 done
Epoch 52 done
Epoch 53 done
Epoch 54 done
Epoch 55 done
Epoch 56 done
Epoch 57 done
Epoch 58 done
Epoch 59 done
Epoch 60 done
Epoch 61 done
Epoch 62 done
Epoch 63 done
Epoch 64 done
Epoch 65 done
Epoch 66 done
Epoch 67 done
Epoch 68 done
Epoch 69 done
Epoch 70 done
Epoch 71 done
Epoch 72 done
Epoch 73 done
Epoch 74 done
Epoch 75 done
Epoch 76 done
Epoch 77 done
Epoch 78 done
Epoch 79 done
Epoch 80 done
Epoch 81 done
Epoch 82 done
Epoch 83 done
Epoch 84 done
Epoch 85 done
Epoch 86 done
Epoch 87 done
Epoch 88 done
Epoch 89 done
Epoch 90 done
Epoch 91 done
Epoch 92 done
Epoch 93 done
Epoch 94 done
Epoch 95 done
Epoch 96 done
Epoch 97 done
Epoch 98 done
Epoch 99 done
Epoch 100 done
Accuracy at epoch 100: 0.9925
Epoch 101 done
Epoch 102 done
Epoch 103 done
Epoch 104 done
Epoch 105 done
Epoch 106 done
Epoch 107 done
Epoch 108 done
Epoch 109 done
Epoch 110 done
Epoch 111 done
Epoch 112 done
Epoch 113 done
Epoch 114 done
Epoch 115 done
Epoch 116 done
Epoch 117 done
Epoch 118 done
Epoch 119 done
Epoch 120 done
Epoch 121 done
Epoch 122 done
Epoch 123 done
Epoch 124 done
Epoch 125 done
Epoch 126 done
Epoch 127 done
Epoch 128 done
Epoch 129 done
Epoch 130 done
Epoch 131 done
Epoch 132 done
Epoch 133 done
Epoch 134 done
Epoch 135 done
Epoch 136 done
Epoch 137 done
Epoch 138 done
Epoch 139 done
Epoch 140 done
Epoch 141 done
Epoch 142 done
Epoch 143 done
Epoch 144 done
Epoch 145 done
Epoch 146 done
Epoch 147 done
Epoch 148 done
Epoch 149 done
Epoch 150 done
Accuracy at epoch 150: 0.993
Epoch 151 done
Epoch 152 done
Epoch 153 done
Epoch 154 done
Epoch 155 done
Epoch 156 done
Epoch 157 done
Epoch 158 done
Epoch 159 done
Epoch 160 done
Epoch 161 done
Epoch 162 done
Epoch 163 done
Epoch 164 done
Epoch 165 done
Epoch 166 done
Epoch 167 done
Epoch 168 done
Epoch 169 done
Epoch 170 done
Epoch 171 done
Epoch 172 done
Epoch 173 done
Epoch 174 done
Epoch 175 done
Epoch 176 done
Epoch 177 done
Epoch 178 done
Epoch 179 done
Epoch 180 done
Epoch 181 done
Epoch 182 done
Epoch 183 done
Epoch 184 done
Epoch 185 done
Epoch 186 done
Epoch 187 done
Epoch 188 done
Epoch 189 done
Epoch 190 done
Epoch 191 done
Epoch 192 done
Epoch 193 done
Epoch 194 done
Epoch 195 done
Epoch 196 done
Epoch 197 done
Epoch 198 done
Epoch 199 done
Epoch 200 done
Accuracy at epoch 200: 0.9937
Epoch 201 done
Epoch 202 done
Epoch 203 done
Epoch 204 done
Epoch 205 done
Epoch 206 done
Epoch 207 done
Epoch 208 done
Epoch 209 done
Epoch 210 done
Epoch 211 done
Epoch 212 done
Epoch 213 done
Epoch 214 done
Epoch 215 done
Epoch 216 done
Epoch 217 done
Epoch 218 done
Epoch 219 done
Epoch 220 done
Epoch 221 done
Epoch 222 done
Epoch 223 done
Epoch 224 done
Epoch 225 done
Epoch 226 done
Epoch 227 done
Epoch 228 done
Epoch 229 done
Epoch 230 done
Epoch 231 done
Epoch 232 done
Epoch 233 done
Epoch 234 done
Epoch 235 done
Epoch 236 done
Epoch 237 done
Epoch 238 done
Epoch 239 done
Epoch 240 done
Epoch 241 done
Epoch 242 done
Epoch 243 done
Epoch 244 done
Epoch 245 done
Epoch 246 done
Epoch 247 done
Epoch 248 done
Epoch 249 done
Epoch 250 done
Accuracy at epoch 250: 0.9914
Epoch 251 done
Epoch 252 done
Epoch 253 done
Epoch 254 done
Epoch 255 done
Epoch 256 done
Epoch 257 done
Epoch 258 done
Epoch 259 done
Epoch 260 done
Epoch 261 done
Epoch 262 done
Epoch 263 done
Epoch 264 done
Epoch 265 done
Epoch 266 done
Epoch 267 done
Epoch 268 done
Epoch 269 done
Epoch 270 done
Epoch 271 done
Epoch 272 done
Epoch 273 done
Epoch 274 done
Epoch 275 done
Epoch 276 done
Epoch 277 done
Epoch 278 done
Epoch 279 done
Epoch 280 done
Epoch 281 done
Epoch 282 done
Epoch 283 done
Epoch 284 done
Epoch 285 done
Epoch 286 done
Epoch 287 done
Epoch 288 done
Epoch 289 done
Epoch 290 done
Epoch 291 done
Epoch 292 done
Epoch 293 done
Epoch 294 done
Epoch 295 done
Epoch 296 done
Epoch 297 done
Epoch 298 done
Epoch 299 done
Epoch 300 done
Accuracy at epoch 300: 0.9932
Epoch 301 done
Epoch 302 done
Epoch 303 done
Epoch 304 done
Epoch 305 done
Epoch 306 done
Epoch 307 done
Epoch 308 done
Epoch 309 done
Epoch 310 done
Epoch 311 done
Epoch 312 done
Epoch 313 done
Epoch 314 done
Epoch 315 done
Epoch 316 done
Epoch 317 done
Epoch 318 done
Epoch 319 done
Epoch 320 done
Epoch 321 done
Epoch 322 done
Epoch 323 done
Epoch 324 done
Epoch 325 done
Epoch 326 done
Epoch 327 done
Epoch 328 done
Epoch 329 done
Epoch 330 done
Epoch 331 done
Epoch 332 done
Epoch 333 done
Epoch 334 done
Epoch 335 done
Epoch 336 done
Epoch 337 done
Epoch 338 done
Epoch 339 done
Epoch 340 done
Epoch 341 done
Epoch 342 done
Epoch 343 done
Epoch 344 done
Epoch 345 done
Epoch 346 done
Epoch 347 done
Epoch 348 done
Epoch 349 done
Epoch 350 done
Accuracy at epoch 350: 0.992
Epoch 351 done
Epoch 352 done
Epoch 353 done
Epoch 354 done
Epoch 355 done
Epoch 356 done
Epoch 357 done
Epoch 358 done
Epoch 359 done
Epoch 360 done
Epoch 361 done
Epoch 362 done
Epoch 363 done
Epoch 364 done
Epoch 365 done
Epoch 366 done
Epoch 367 done
Epoch 368 done
Epoch 369 done
Epoch 370 done
Epoch 371 done
Epoch 372 done
Epoch 373 done
Epoch 374 done
Epoch 375 done
Epoch 376 done
Epoch 377 done
Epoch 378 done
Epoch 379 done
Epoch 380 done
Epoch 381 done
Epoch 382 done
Epoch 383 done
Epoch 384 done
Epoch 385 done
Epoch 386 done
Epoch 387 done
Epoch 388 done
Epoch 389 done
Epoch 390 done
Epoch 391 done
Epoch 392 done
Epoch 393 done
Epoch 394 done
Epoch 395 done
Epoch 396 done
Epoch 397 done
Epoch 398 done
Epoch 399 done
Epoch 400 done
Accuracy at epoch 400: 0.9922
Epoch 401 done
Epoch 402 done
Epoch 403 done
Epoch 404 done
Epoch 405 done
Epoch 406 done
Epoch 407 done
Epoch 408 done
Epoch 409 done
Epoch 410 done
Epoch 411 done
Epoch 412 done
Epoch 413 done
Epoch 414 done
Epoch 415 done
Epoch 416 done
Epoch 417 done
Epoch 418 done
Epoch 419 done
Epoch 420 done
Epoch 421 done
Epoch 422 done
Epoch 423 done
Epoch 424 done
Epoch 425 done
Epoch 426 done
Epoch 427 done
Epoch 428 done
Epoch 429 done
Epoch 430 done
Epoch 431 done
Epoch 432 done
Epoch 433 done
Epoch 434 done
Epoch 435 done
Epoch 436 done
Epoch 437 done
Epoch 438 done
Epoch 439 done
Epoch 440 done
Epoch 441 done
Epoch 442 done
Epoch 443 done
Epoch 444 done
Epoch 445 done
Epoch 446 done
Epoch 447 done
Epoch 448 done
Epoch 449 done
Epoch 450 done
Accuracy at epoch 450: 0.992
Epoch 451 done
Epoch 452 done
Epoch 453 done
Epoch 454 done
Epoch 455 done
Epoch 456 done
Epoch 457 done
Epoch 458 done
Epoch 459 done
Epoch 460 done
Epoch 461 done
Epoch 462 done
Epoch 463 done
Epoch 464 done
Epoch 465 done
Epoch 466 done
Epoch 467 done
Epoch 468 done
Epoch 469 done
Epoch 470 done
Epoch 471 done
Epoch 472 done
Epoch 473 done
Epoch 474 done
Epoch 475 done
Epoch 476 done
Epoch 477 done
Epoch 478 done
Epoch 479 done
Epoch 480 done
Epoch 481 done
Epoch 482 done
Epoch 483 done
Epoch 484 done
Epoch 485 done
Epoch 486 done
Epoch 487 done
Epoch 488 done
Epoch 489 done
Epoch 490 done
Epoch 491 done
Epoch 492 done
Epoch 493 done
Epoch 494 done
Epoch 495 done
Epoch 496 done
Epoch 497 done
Epoch 498 done
Epoch 499 done
Epoch 500 done
Accuracy at epoch 500: 0.9914
Epoch 501 done
Epoch 502 done
Epoch 503 done
Epoch 504 done
Epoch 505 done
Epoch 506 done
Epoch 507 done
Epoch 508 done
Epoch 509 done
Epoch 510 done
Epoch 511 done
Epoch 512 done
Epoch 513 done
Epoch 514 done
Epoch 515 done
Epoch 516 done
Epoch 517 done
Epoch 518 done
Epoch 519 done
Epoch 520 done
Epoch 521 done
Epoch 522 done
Epoch 523 done
Epoch 524 done
Epoch 525 done
Epoch 526 done
Epoch 527 done
Epoch 528 done
Epoch 529 done
Epoch 530 done
Epoch 531 done
Epoch 532 done
Epoch 533 done
Epoch 534 done
Epoch 535 done
Epoch 536 done
Epoch 537 done
Epoch 538 done
Epoch 539 done
Epoch 540 done
Epoch 541 done
Epoch 542 done
Epoch 543 done
Epoch 544 done
Epoch 545 done
Epoch 546 done
Epoch 547 done
Epoch 548 done
Epoch 549 done
Epoch 550 done
Accuracy at epoch 550: 0.9918
Epoch 551 done
Epoch 552 done
Epoch 553 done
Epoch 554 done
Epoch 555 done
Epoch 556 done
Epoch 557 done
Epoch 558 done
Epoch 559 done
Epoch 560 done
Epoch 561 done
Epoch 562 done
Epoch 563 done
Epoch 564 done
Epoch 565 done
Epoch 566 done
Epoch 567 done
Epoch 568 done
Epoch 569 done
Epoch 570 done
Epoch 571 done
Epoch 572 done
Epoch 573 done
Epoch 574 done
Epoch 575 done
Epoch 576 done
Epoch 577 done
Epoch 578 done
Epoch 579 done
Epoch 580 done
Epoch 581 done
Epoch 582 done
Epoch 583 done
Epoch 584 done
Epoch 585 done
Epoch 586 done
Epoch 587 done
Epoch 588 done
Epoch 589 done
Epoch 590 done
Epoch 591 done
Epoch 592 done
Epoch 593 done
Epoch 594 done
Epoch 595 done
Epoch 596 done
Epoch 597 done
Epoch 598 done
Epoch 599 done
Epoch 600 done
Accuracy at epoch 600: 0.9908
Epoch 601 done
Epoch 602 done
Epoch 603 done
Epoch 604 done
Epoch 605 done
Epoch 606 done
Epoch 607 done
Epoch 608 done
Epoch 609 done
Epoch 610 done
Epoch 611 done
Epoch 612 done
Epoch 613 done
Epoch 614 done
Epoch 615 done
Epoch 616 done
Epoch 617 done
Epoch 618 done
Epoch 619 done
Epoch 620 done
Epoch 621 done
Epoch 622 done
Epoch 623 done
Epoch 624 done
Epoch 625 done
Epoch 626 done
Epoch 627 done
Epoch 628 done
Epoch 629 done
Epoch 630 done
Epoch 631 done
Epoch 632 done
Epoch 633 done
Epoch 634 done
Epoch 635 done
Epoch 636 done
Epoch 637 done
Epoch 638 done
Epoch 639 done
Epoch 640 done
Epoch 641 done
Epoch 642 done
Epoch 643 done
Epoch 644 done
Epoch 645 done
Epoch 646 done
Epoch 647 done
Epoch 648 done
Epoch 649 done
Epoch 650 done
Accuracy at epoch 650: 0.991
Epoch 651 done
Epoch 652 done
Epoch 653 done
Epoch 654 done
Epoch 655 done
Epoch 656 done
Epoch 657 done
Epoch 658 done
Epoch 659 done
Epoch 660 done
Epoch 661 done
Epoch 662 done
Epoch 663 done
Epoch 664 done
Epoch 665 done
Epoch 666 done
Epoch 667 done
Epoch 668 done
Epoch 669 done
Epoch 670 done
Epoch 671 done
Epoch 672 done
Epoch 673 done
Epoch 674 done
Epoch 675 done
Epoch 676 done
Epoch 677 done
Epoch 678 done
Epoch 679 done
Epoch 680 done
Epoch 681 done
Epoch 682 done
Epoch 683 done
Epoch 684 done
Epoch 685 done
Epoch 686 done
Epoch 687 done
Epoch 688 done
Epoch 689 done
Epoch 690 done
Epoch 691 done
Epoch 692 done
Epoch 693 done
Epoch 694 done
Epoch 695 done
Epoch 696 done
Epoch 697 done
Epoch 698 done
Epoch 699 done
Epoch 700 done
Accuracy at epoch 700: 0.991
Epoch 701 done
Epoch 702 done
Epoch 703 done
Epoch 704 done
Epoch 705 done
Epoch 706 done
Epoch 707 done
Epoch 708 done
Epoch 709 done
Epoch 710 done
Epoch 711 done
Epoch 712 done
Epoch 713 done
Epoch 714 done
Epoch 715 done
Epoch 716 done
Epoch 717 done
Epoch 718 done
Epoch 719 done
Epoch 720 done
Epoch 721 done
Epoch 722 done
Epoch 723 done
Epoch 724 done
Epoch 725 done
Epoch 726 done
Epoch 727 done
Epoch 728 done
Epoch 729 done
Epoch 730 done
Epoch 731 done
Epoch 732 done
Epoch 733 done
Epoch 734 done
Epoch 735 done
Epoch 736 done
Epoch 737 done
Epoch 738 done
Epoch 739 done
Epoch 740 done
Epoch 741 done
Epoch 742 done
Epoch 743 done
Epoch 744 done
Epoch 745 done
Epoch 746 done
Epoch 747 done
Epoch 748 done
Epoch 749 done
Epoch 750 done
Accuracy at epoch 750: 0.9915
Epoch 751 done
Epoch 752 done
Epoch 753 done
Epoch 754 done
Epoch 755 done
Epoch 756 done
Epoch 757 done
Epoch 758 done
Epoch 759 done
Epoch 760 done
Epoch 761 done
Epoch 762 done
Epoch 763 done
Epoch 764 done
Epoch 765 done
Epoch 766 done
Epoch 767 done
Epoch 768 done
Epoch 769 done
Epoch 770 done
Epoch 771 done
Epoch 772 done
Epoch 773 done
Epoch 774 done
Epoch 775 done
Epoch 776 done
Epoch 777 done
Epoch 778 done
Epoch 779 done
Epoch 780 done
Epoch 781 done
Epoch 782 done
Epoch 783 done
Epoch 784 done
Epoch 785 done
Epoch 786 done
Epoch 787 done
Epoch 788 done
Epoch 789 done
Epoch 790 done
Epoch 791 done
Epoch 792 done
Epoch 793 done
Epoch 794 done
Epoch 795 done
Epoch 796 done
Epoch 797 done
Epoch 798 done
Epoch 799 done
Accuracy: 0.9921
Linux idun-06-05 4.18.0-348.el8.0.2.x86_64 #1 SMP Sun Nov 14 00:51:12 UTC 2021 x86_64 x86_64 x86_64 GNU/Linux
