we are running from this directory: /cluster/work/williad/minDiffusion-fork
 the name of the job is: sampling mindiffusion
Th job ID is 7660259
The job was run on these nodes: idun-06-02
Number of nodes: 1
We are using 1 cores
We are using 1 cores per node
Total of 1 cores
Starting script

Model created
Currently at 0 of 900
Currently at 40 of 900
Currently at 80 of 900
Currently at 120 of 900
Currently at 160 of 900
Currently at 200 of 900
Currently at 240 of 900
Currently at 280 of 900
Currently at 320 of 900
Currently at 360 of 900
Currently at 400 of 900
Currently at 440 of 900
Currently at 480 of 900
Currently at 520 of 900
Currently at 560 of 900
Currently at 600 of 900
Currently at 640 of 900
Currently at 680 of 900
Currently at 720 of 900
Currently at 760 of 900
Currently at 800 of 900
Currently at 840 of 900
Currently at 880 of 900
Linux idun-06-02 4.18.0-348.el8.0.2.x86_64 #1 SMP Sun Nov 14 00:51:12 UTC 2021 x86_64 x86_64 x86_64 GNU/Linux
